Determining if the pthread_create exist failed with the following output:
Change Dir: /home/sweet/img_pkg_stack/build/CMakeFiles/CMakeTmp

Run Build Command:"/usr/bin/make" "cmTC_da640/fast"
/usr/bin/make -f CMakeFiles/cmTC_da640.dir/build.make CMakeFiles/cmTC_da640.dir/build
make[1]: Entering directory '/home/sweet/img_pkg_stack/build/CMakeFiles/CMakeTmp'
Building C object CMakeFiles/cmTC_da640.dir/CheckSymbolExists.c.o
/usr/bin/cc    -o CMakeFiles/cmTC_da640.dir/CheckSymbolExists.c.o   -c /home/sweet/img_pkg_stack/build/CMakeFiles/CMakeTmp/CheckSymbolExists.c
Linking C executable cmTC_da640
/usr/bin/cmake -E cmake_link_script CMakeFiles/cmTC_da640.dir/link.txt --verbose=1
/usr/bin/cc      -rdynamic CMakeFiles/cmTC_da640.dir/CheckSymbolExists.c.o  -o cmTC_da640 
CMakeFiles/cmTC_da640.dir/CheckSymbolExists.c.o: In function `main':
CheckSymbolExists.c:(.text+0x1b): undefined reference to `pthread_create'
collect2: error: ld returned 1 exit status
CMakeFiles/cmTC_da640.dir/build.make:97: recipe for target 'cmTC_da640' failed
make[1]: *** [cmTC_da640] Error 1
make[1]: Leaving directory '/home/sweet/img_pkg_stack/build/CMakeFiles/CMakeTmp'
Makefile:126: recipe for target 'cmTC_da640/fast' failed
make: *** [cmTC_da640/fast] Error 2

File /home/sweet/img_pkg_stack/build/CMakeFiles/CMakeTmp/CheckSymbolExists.c:
/* */
#include <pthread.h>

int main(int argc, char** argv)
{
  (void)argv;
#ifndef pthread_create
  return ((int*)(&pthread_create))[argc];
#else
  (void)argc;
  return 0;
#endif
}

Determining if the function pthread_create exists in the pthreads failed with the following output:
Change Dir: /home/sweet/img_pkg_stack/build/CMakeFiles/CMakeTmp

Run Build Command:"/usr/bin/make" "cmTC_556ae/fast"
/usr/bin/make -f CMakeFiles/cmTC_556ae.dir/build.make CMakeFiles/cmTC_556ae.dir/build
make[1]: Entering directory '/home/sweet/img_pkg_stack/build/CMakeFiles/CMakeTmp'
Building C object CMakeFiles/cmTC_556ae.dir/CheckFunctionExists.c.o
/usr/bin/cc   -DCHECK_FUNCTION_EXISTS=pthread_create   -o CMakeFiles/cmTC_556ae.dir/CheckFunctionExists.c.o   -c /usr/share/cmake-3.10/Modules/CheckFunctionExists.c
Linking C executable cmTC_556ae
/usr/bin/cmake -E cmake_link_script CMakeFiles/cmTC_556ae.dir/link.txt --verbose=1
/usr/bin/cc  -DCHECK_FUNCTION_EXISTS=pthread_create    -rdynamic CMakeFiles/cmTC_556ae.dir/CheckFunctionExists.c.o  -o cmTC_556ae -lpthreads 
/usr/bin/ld: cannot find -lpthreads
collect2: error: ld returned 1 exit status
CMakeFiles/cmTC_556ae.dir/build.make:97: recipe for target 'cmTC_556ae' failed
make[1]: *** [cmTC_556ae] Error 1
make[1]: Leaving directory '/home/sweet/img_pkg_stack/build/CMakeFiles/CMakeTmp'
Makefile:126: recipe for target 'cmTC_556ae/fast' failed
make: *** [cmTC_556ae/fast] Error 2


